INFO:  latexindent.pl version 3.24.5, 2025-03-13, a script to indent .tex files
       latexindent.pl lives here: /nix/store/2laj3mfxsjqlbz6h9zvgd3i310yg626g-latexindent-3.24.5-tex/scripts/latexindent/
       Sun Feb  1 21:00:51 2026
       Filename: /home/dousai/.dotfiles/latex/config/__latexindent_temp_modules.tex
INFO:  Processing switches:
       -y|--yaml: YAML settings specified via command line
       -c|--cruft: cruft directory
INFO:  Directory for backup files and log file /home/dousai/.dotfiles/latex/indent.log:
       /home/dousai/.dotfiles/latex/
INFO:  Perl modules are being loaded from the following directories:
       /nix/store/h2jsb5i4yfblr2f3ac2c7zpmlmj7zjym-perl-5.40.0/lib/perl5/5.40.0/FindBin.pm
       /nix/store/xapymz89pq3fpyx90xmqby0iprxwjn4z-perl-5.40.0-env/lib/perl5/site_perl/5.40.0/YAML/Tiny.pm
       /nix/store/h2jsb5i4yfblr2f3ac2c7zpmlmj7zjym-perl-5.40.0/lib/perl5/5.40.0/File/Copy.pm
       /nix/store/h2jsb5i4yfblr2f3ac2c7zpmlmj7zjym-perl-5.40.0/lib/perl5/5.40.0/File/Basename.pm
       /nix/store/h2jsb5i4yfblr2f3ac2c7zpmlmj7zjym-perl-5.40.0/lib/perl5/5.40.0/Getopt/Long.pm
       /nix/store/xapymz89pq3fpyx90xmqby0iprxwjn4z-perl-5.40.0-env/lib/perl5/site_perl/5.40.0/File/HomeDir.pm
INFO:  LatexIndent perl modules are being loaded from, for example:
       /nix/store/2laj3mfxsjqlbz6h9zvgd3i310yg626g-latexindent-3.24.5-tex/scripts/latexindent/LatexIndent/Document.pm
INFO:  YAML settings read: defaultSettings.yaml
       Reading defaultSettings.yaml from /nix/store/2laj3mfxsjqlbz6h9zvgd3i310yg626g-latexindent-3.24.5-tex/scripts/latexindent/defaultSettings.yaml
INFO:  YAML reading settings
       Home directory is /home/dousai
       latexindent.pl didn't find indentconfig.yaml or .indentconfig.yaml
       see all possible locations: https://latexindentpl.readthedocs.io/en/latest/sec-appendices.html#indentconfig-options)
INFO:  YAML settings read: -y switch
       YAML setting: defaultIndent:'\t'
       single-quoted string found in -y switch: '\t', substitute to 	
       Updating mainSettings with defaultIndent: 	
INFO:  Phase 1: searching for objects
INFO:  Phase 2: finding surrounding indentation
INFO:  Phase 3: indenting objects
INFO:  Phase 4: final indentation check
INFO:  Output routine:
       Not outputting to file; see -w and -o switches for more options.
       --------------
INFO:  Please direct all communication/issues to:
        https://github.com/cmhughes/latexindent.pl
